Sep 11, 2015 12:00:43 PM org.eclipse.analytics.plugin.AnalyticsStartupApp createLogFileHandler
INFO: Analtycis plugin root looger initialized.
Sep 11, 2015 12:00:43 PM org.eclipse.analytics.plugin.AnalyticsStartupApp$1 run
INFO: Analytics plugin activated...
Sep 11, 2015 12:00:43 PM org.eclipse.analytics.plugin.AnalyticsStartupApp$1 run
INFO: Starting ericsson event logger.
Sep 11, 2015 12:00:44 PM org.eclipse.analytics.control.session.SessionManager start
INFO: Session manager started.....
Sep 11, 2015 12:00:44 PM org.eclipse.analytics.control.freeze.FreezeManager start
INFO: FreezeManager started...
Sep 11, 2015 12:00:44 PM org.eclipse.analytics.control.freeze.FreezeDetector run
INFO: FreezeDetector thread started...
Sep 11, 2015 12:00:44 PM org.eclipse.analytics.control.session.SessionWatcher run
INFO: SessionWatcher thread started...
Sep 11, 2015 12:03:23 PM org.eclipse.analytics.persistence.HTTPPublisher publishCommand
SEVERE: Exception occurred during session publishing to analytics database! 
java.net.UnknownHostException: camo.insight.rnd.ericsson.se
	at java.net.Inet6AddressImpl.lookupAllHostAddr(Native Method)
	at java.net.InetAddress$2.lookupAllHostAddr(Unknown Source)
	at java.net.InetAddress.getAddressesFromNameService(Unknown Source)
	at java.net.InetAddress.getAllByName0(Unknown Source)
	at java.net.InetAddress.getAllByName(Unknown Source)
	at java.net.InetAddress.getAllByName(Unknown Source)
	at org.apache.http.impl.conn.SystemDefaultDnsResolver.resolve(SystemDefaultDnsResolver.java:44)
	at org.apache.http.impl.conn.HttpClientConnectionOperator.connect(HttpClientConnectionOperator.java:102)
	at org.apache.http.impl.conn.PoolingHttpClientConnectionManager.connect(PoolingHttpClientConnectionManager.java:314)
	at org.apache.http.impl.execchain.MainClientExec.establishRoute(MainClientExec.java:357)
	at org.apache.http.impl.execchain.MainClientExec.execute(MainClientExec.java:218)
	at org.apache.http.impl.execchain.ProtocolExec.execute(ProtocolExec.java:194)
	at org.apache.http.impl.execchain.RetryExec.execute(RetryExec.java:85)
	at org.apache.http.impl.execchain.RedirectExec.execute(RedirectExec.java:108)
	at org.apache.http.impl.client.InternalHttpClient.doExecute(InternalHttpClient.java:186)
	at org.apache.http.impl.client.CloseableHttpClient.execute(CloseableHttpClient.java:82)
	at org.apache.http.impl.client.CloseableHttpClient.execute(CloseableHttpClient.java:106)
	at org.eclipse.analytics.persistence.HTTPPublisher.publishCommand(HTTPPublisher.java:122)
	at org.eclipse.analytics.control.freeze.FreezeManager.persist(FreezeManager.java:80)
	at org.eclipse.analytics.control.freeze.FreezeManager.handle(FreezeManager.java:102)
	at org.eclipse.analytics.control.freeze.FreezeDetector.notifyIFreezeListeners(FreezeDetector.java:115)
	at org.eclipse.analytics.control.freeze.FreezeDetector.run(FreezeDetector.java:62)

Sep 11, 2015 12:03:23 PM org.eclipse.analytics.control.freeze.FreezeManager persist
WARNING: failed to push: http://camo.insight.rnd.ericsson.se/dispatcher/doc/create?object=EECSFreeze&UserId=ekirpal&ProductId=com.ericsson.eecs.single&ProductVersion=4.4.2&ProductName=EECS&Environment=eecs.mwp.win64&Workspace=C%3A%2FUsers%2Fekirpal%2Fworkspace_practice&HostName=192.168.56.1&start=1441998198511&end=1441998202864&duration=4353&isBlock=false
Sep 11, 2015 12:03:23 PM org.eclipse.analytics.control.freeze.FreezeManager handle
INFO: Freeze detected...
Freeze [object=EECSFreeze, start=1441998198511, end=1441998202864, duration=4353, block=false, environment=CompositeID [UserID=ekirpal, productName=EECS, productId=com.ericsson.eecs.single, productVersion=4.4.2, environment=eecs.mwp.win64, workspace=C:/Users/ekirpal/workspace_practice, HostName=192.168.56.1], measures=[Measure [object=EECSMeasure, freezeId=1441998198511, userId=ekirpal, measurementTimestamp=1441998202053, freeMemory=321877952, totalMemory=406323200, usedCPU=-1.0, eclipseThreadTrace=org.eclipse.swt.internal.win32.OS.PeekMessageW(Native Method)
org.eclipse.swt.internal.win32.OS.PeekMessage(OS.java:3141)
org.eclipse.swt.widgets.Display.readAndDispatch(Display.java:3756)
org.eclipse.e4.ui.internal.workbench.swt.PartRenderingEngine$9.run(PartRenderingEngine.java:1151)
org.eclipse.core.databinding.observable.Realm.runWithDefault(Realm.java:332)
org.eclipse.e4.ui.internal.workbench.swt.PartRenderingEngine.run(PartRenderingEngine.java:1032)
org.eclipse.e4.ui.internal.workbench.E4Workbench.createAndRunUI(E4Workbench.java:148)
org.eclipse.ui.internal.Workbench$5.run(Workbench.java:636)
org.eclipse.core.databinding.observable.Realm.runWithDefault(Realm.java:332)
org.eclipse.ui.internal.Workbench.createAndRunWorkbench(Workbench.java:579)
org.eclipse.ui.PlatformUI.createAndRunWorkbench(PlatformUI.java:150)
org.eclipse.ui.internal.ide.application.IDEApplication.start(IDEApplication.java:135)
org.eclipse.equinox.internal.app.EclipseAppHandle.run(EclipseAppHandle.java:196)
org.eclipse.core.runtime.internal.adaptor.EclipseAppLauncher.runApplication(EclipseAppLauncher.java:134)
org.eclipse.core.runtime.internal.adaptor.EclipseAppLauncher.start(EclipseAppLauncher.java:104)
org.eclipse.core.runtime.adaptor.EclipseStarter.run(EclipseStarter.java:380)
org.eclipse.core.runtime.adaptor.EclipseStarter.run(EclipseStarter.java:235)
sun.reflect.NativeMethodAccessorImpl.invoke0(Native Method)
sun.reflect.NativeMethodAccessorImpl.invoke(Unknown Source)
sun.reflect.DelegatingMethodAccessorImpl.invoke(Unknown Source)
java.lang.reflect.Method.invoke(Unknown Source)
org.eclipse.equinox.launcher.Main.invokeFramework(Main.java:648)
org.eclipse.equinox.launcher.Main.basicRun(Main.java:603)
org.eclipse.equinox.launcher.Main.run(Main.java:1465)
], Measure [object=EECSMeasure, freezeId=1441998198511, userId=ekirpal, measurementTimestamp=1441998202255, freeMemory=321877952, totalMemory=406323200, usedCPU=-1.0, eclipseThreadTrace=org.eclipse.swt.internal.win32.OS.DefWindowProcW(Native Method)
org.eclipse.swt.internal.win32.OS.DefWindowProc(OS.java:2544)
org.eclipse.swt.widgets.Shell.callWindowProc(Shell.java:498)
org.eclipse.swt.widgets.Control.windowProc(Control.java:4705)
org.eclipse.swt.widgets.Canvas.windowProc(Canvas.java:339)
org.eclipse.swt.widgets.Decorations.windowProc(Decorations.java:1626)
org.eclipse.swt.widgets.Shell.windowProc(Shell.java:2075)
org.eclipse.swt.widgets.Display.windowProc(Display.java:5023)
org.eclipse.swt.internal.win32.OS.DefWindowProcW(Native Method)
org.eclipse.swt.internal.win32.OS.DefWindowProc(OS.java:2544)
org.eclipse.swt.widgets.Shell.callWindowProc(Shell.java:498)
org.eclipse.swt.widgets.Control.windowProc(Control.java:4705)
org.eclipse.swt.widgets.Canvas.windowProc(Canvas.java:339)
org.eclipse.swt.widgets.Decorations.windowProc(Decorations.java:1626)
org.eclipse.swt.widgets.Shell.windowProc(Shell.java:2075)
org.eclipse.swt.widgets.Display.windowProc(Display.java:5023)
org.eclipse.swt.internal.win32.OS.DefWindowProcW(Native Method)
org.eclipse.swt.internal.win32.OS.DefWindowProc(OS.java:2544)
org.eclipse.swt.widgets.Shell.callWindowProc(Shell.java:498)
org.eclipse.swt.widgets.Control.windowProc(Control.java:4705)
org.eclipse.swt.widgets.Canvas.windowProc(Canvas.java:339)
org.eclipse.swt.widgets.Decorations.windowProc(Decorations.java:1626)
org.eclipse.swt.widgets.Shell.windowProc(Shell.java:2075)
org.eclipse.swt.widgets.Display.windowProc(Display.java:5036)
org.eclipse.swt.internal.win32.OS.PeekMessageW(Native Method)
org.eclipse.swt.internal.win32.OS.PeekMessage(OS.java:3141)
org.eclipse.swt.widgets.Display.readAndDispatch(Display.java:3756)
org.eclipse.e4.ui.internal.workbench.swt.PartRenderingEngine$9.run(PartRenderingEngine.java:1151)
org.eclipse.core.databinding.observable.Realm.runWithDefault(Realm.java:332)
org.eclipse.e4.ui.internal.workbench.swt.PartRenderingEngine.run(PartRenderingEngine.java:1032)
org.eclipse.e4.ui.internal.workbench.E4Workbench.createAndRunUI(E4Workbench.java:148)
org.eclipse.ui.internal.Workbench$5.run(Workbench.java:636)
org.eclipse.core.databinding.observable.Realm.runWithDefault(Realm.java:332)
org.eclipse.ui.internal.Workbench.createAndRunWorkbench(Workbench.java:579)
org.eclipse.ui.PlatformUI.createAndRunWorkbench(PlatformUI.java:150)
org.eclipse.ui.internal.ide.application.IDEApplication.start(IDEApplication.java:135)
org.eclipse.equinox.internal.app.EclipseAppHandle.run(EclipseAppHandle.java:196)
org.eclipse.core.runtime.internal.adaptor.EclipseAppLauncher.runApplication(EclipseAppLauncher.java:134)
org.eclipse.core.runtime.internal.adaptor.EclipseAppLauncher.start(EclipseAppLauncher.java:104)
org.eclipse.core.runtime.adaptor.EclipseStarter.run(EclipseStarter.java:380)
org.eclipse.core.runtime.adaptor.EclipseStarter.run(EclipseStarter.java:235)
sun.reflect.NativeMethodAccessorImpl.invoke0(Native Method)
sun.reflect.NativeMethodAccessorImpl.invoke(Unknown Source)
sun.reflect.DelegatingMethodAccessorImpl.invoke(Unknown Source)
java.lang.reflect.Method.invoke(Unknown Source)
org.eclipse.equinox.launcher.Main.invokeFramework(Main.java:648)
org.eclipse.equinox.launcher.Main.basicRun(Main.java:603)
org.eclipse.equinox.launcher.Main.run(Main.java:1465)
], Measure [object=EECSMeasure, freezeId=1441998198511, userId=ekirpal, measurementTimestamp=1441998202661, freeMemory=321737528, totalMemory=406323200, usedCPU=-1.0, eclipseThreadTrace=org.eclipse.swt.internal.win32.OS.SetWindowPos(Native Method)
org.eclipse.swt.widgets.Widget.SetWindowPos(Widget.java:1465)
org.eclipse.swt.widgets.Control.setBounds(Control.java:3143)
org.eclipse.swt.widgets.Composite.setBounds(Composite.java:1020)
org.eclipse.swt.widgets.Control.setBounds(Control.java:3104)
org.eclipse.swt.widgets.Control.setBounds(Control.java:3100)
org.eclipse.swt.widgets.Control.setBounds(Control.java:3167)
org.eclipse.e4.ui.workbench.renderers.swt.SashLayout.setRectangle(SashLayout.java:318)
org.eclipse.e4.ui.workbench.renderers.swt.SashLayout.tileSubNodes(SashLayout.java:263)
org.eclipse.e4.ui.workbench.renderers.swt.SashLayout.tileSubNodes(SashLayout.java:306)
org.eclipse.e4.ui.workbench.renderers.swt.SashLayout.layout(SashLayout.java:180)
org.eclipse.swt.widgets.Composite.updateLayout(Composite.java:1290)
org.eclipse.swt.widgets.Composite.WM_SIZE(Composite.java:1701)
org.eclipse.swt.widgets.Control.windowProc(Control.java:4685)
org.eclipse.swt.widgets.Display.windowProc(Display.java:5023)
org.eclipse.swt.internal.win32.OS.DefWindowProcW(Native Method)
org.eclipse.swt.internal.win32.OS.DefWindowProc(OS.java:2544)
org.eclipse.swt.widgets.Scrollable.callWindowProc(Scrollable.java:79)
org.eclipse.swt.widgets.Control.WM_WINDOWPOSCHANGED(Control.java:5492)
org.eclipse.swt.widgets.Control.windowProc(Control.java:4698)
org.eclipse.swt.widgets.Display.windowProc(Display.java:5036)
org.eclipse.swt.internal.win32.OS.SetWindowPos(Native Method)
org.eclipse.swt.widgets.Widget.SetWindowPos(Widget.java:1465)
org.eclipse.swt.widgets.Control.setBounds(Control.java:3143)
org.eclipse.swt.widgets.Composite.setBounds(Composite.java:1020)
org.eclipse.swt.widgets.Control.setBounds(Control.java:3104)
org.eclipse.swt.widgets.Control.setBounds(Control.java:3100)
org.eclipse.swt.layout.FillLayout.layout(FillLayout.java:204)
org.eclipse.swt.widgets.Composite.updateLayout(Composite.java:1290)
org.eclipse.swt.widgets.Composite.WM_SIZE(Composite.java:1701)
org.eclipse.swt.widgets.Control.windowProc(Control.java:4685)
org.eclipse.swt.widgets.Display.windowProc(Display.java:5023)
org.eclipse.swt.internal.win32.OS.DefWindowProcW(Native Method)
org.eclipse.swt.internal.win32.OS.DefWindowProc(OS.java:2544)
org.eclipse.swt.widgets.Scrollable.callWindowProc(Scrollable.java:79)
org.eclipse.swt.widgets.Control.WM_WINDOWPOSCHANGED(Control.java:5492)
org.eclipse.swt.widgets.Control.windowProc(Control.java:4698)
org.eclipse.swt.widgets.Display.windowProc(Display.java:5036)
org.eclipse.swt.internal.win32.OS.EndDeferWindowPos(Native Method)
org.eclipse.swt.widgets.Composite.resizeChildren(Composite.java:950)
org.eclipse.swt.widgets.Composite.resizeChildren(Composite.java:916)
org.eclipse.swt.widgets.Composite.setResizeChildren(Composite.java:1127)
org.eclipse.swt.widgets.Composite.WM_SIZE(Composite.java:1705)
org.eclipse.swt.widgets.Canvas.WM_SIZE(Canvas.java:462)
org.eclipse.swt.widgets.Decorations.WM_SIZE(Decorations.java:1810)
org.eclipse.swt.widgets.Control.windowProc(Control.java:4685)
org.eclipse.swt.widgets.Canvas.windowProc(Canvas.java:339)
org.eclipse.swt.widgets.Decorations.windowProc(Decorations.java:1626)
org.eclipse.swt.widgets.Shell.windowProc(Shell.java:2075)
org.eclipse.swt.widgets.Display.windowProc(Display.java:5023)
org.eclipse.swt.internal.win32.OS.DefWindowProcW(Native Method)
org.eclipse.swt.internal.win32.OS.DefWindowProc(OS.java:2544)
org.eclipse.swt.widgets.Shell.callWindowProc(Shell.java:498)
org.eclipse.swt.widgets.Control.WM_WINDOWPOSCHANGED(Control.java:5492)
org.eclipse.swt.widgets.Canvas.WM_WINDOWPOSCHANGED(Canvas.java:468)
org.eclipse.swt.widgets.Control.windowProc(Control.java:4698)
org.eclipse.swt.widgets.Canvas.windowProc(Canvas.java:339)
org.eclipse.swt.widgets.Decorations.windowProc(Decorations.java:1626)
org.eclipse.swt.widgets.Shell.windowProc(Shell.java:2075)
org.eclipse.swt.widgets.Display.windowProc(Display.java:5036)
org.eclipse.swt.internal.win32.OS.PeekMessageW(Native Method)
org.eclipse.swt.internal.win32.OS.PeekMessage(OS.java:3141)
org.eclipse.swt.widgets.Display.readAndDispatch(Display.java:3756)
org.eclipse.e4.ui.internal.workbench.swt.PartRenderingEngine$9.run(PartRenderingEngine.java:1151)
org.eclipse.core.databinding.observable.Realm.runWithDefault(Realm.java:332)
org.eclipse.e4.ui.internal.workbench.swt.PartRenderingEngine.run(PartRenderingEngine.java:1032)
org.eclipse.e4.ui.internal.workbench.E4Workbench.createAndRunUI(E4Workbench.java:148)
org.eclipse.ui.internal.Workbench$5.run(Workbench.java:636)
org.eclipse.core.databinding.observable.Realm.runWithDefault(Realm.java:332)
org.eclipse.ui.internal.Workbench.createAndRunWorkbench(Workbench.java:579)
org.eclipse.ui.PlatformUI.createAndRunWorkbench(PlatformUI.java:150)
org.eclipse.ui.internal.ide.application.IDEApplication.start(IDEApplication.java:135)
org.eclipse.equinox.internal.app.EclipseAppHandle.run(EclipseAppHandle.java:196)
org.eclipse.core.runtime.internal.adaptor.EclipseAppLauncher.runApplication(EclipseAppLauncher.java:134)
org.eclipse.core.runtime.internal.adaptor.EclipseAppLauncher.start(EclipseAppLauncher.java:104)
org.eclipse.core.runtime.adaptor.EclipseStarter.run(EclipseStarter.java:380)
org.eclipse.core.runtime.adaptor.EclipseStarter.run(EclipseStarter.java:235)
sun.reflect.NativeMethodAccessorImpl.invoke0(Native Method)
sun.reflect.NativeMethodAccessorImpl.invoke(Unknown Source)
sun.reflect.DelegatingMethodAccessorImpl.invoke(Unknown Source)
java.lang.reflect.Method.invoke(Unknown Source)
org.eclipse.equinox.launcher.Main.invokeFramework(Main.java:648)
org.eclipse.equinox.launcher.Main.basicRun(Main.java:603)
org.eclipse.equinox.launcher.Main.run(Main.java:1465)
], Measure [object=EECSMeasure, freezeId=1441998198511, userId=ekirpal, measurementTimestamp=1441998202864, freeMemory=321599104, totalMemory=406323200, usedCPU=-1.0, eclipseThreadTrace=org.eclipse.swt.internal.win32.OS.DispatchMessageW(Native Method)
org.eclipse.swt.internal.win32.OS.DispatchMessage(OS.java:2549)
org.eclipse.swt.widgets.Display.readAndDispatch(Display.java:3759)
org.eclipse.e4.ui.internal.workbench.swt.PartRenderingEngine$9.run(PartRenderingEngine.java:1151)
org.eclipse.core.databinding.observable.Realm.runWithDefault(Realm.java:332)
org.eclipse.e4.ui.internal.workbench.swt.PartRenderingEngine.run(PartRenderingEngine.java:1032)
org.eclipse.e4.ui.internal.workbench.E4Workbench.createAndRunUI(E4Workbench.java:148)
org.eclipse.ui.internal.Workbench$5.run(Workbench.java:636)
org.eclipse.core.databinding.observable.Realm.runWithDefault(Realm.java:332)
org.eclipse.ui.internal.Workbench.createAndRunWorkbench(Workbench.java:579)
org.eclipse.ui.PlatformUI.createAndRunWorkbench(PlatformUI.java:150)
org.eclipse.ui.internal.ide.application.IDEApplication.start(IDEApplication.java:135)
org.eclipse.equinox.internal.app.EclipseAppHandle.run(EclipseAppHandle.java:196)
org.eclipse.core.runtime.internal.adaptor.EclipseAppLauncher.runApplication(EclipseAppLauncher.java:134)
org.eclipse.core.runtime.internal.adaptor.EclipseAppLauncher.start(EclipseAppLauncher.java:104)
org.eclipse.core.runtime.adaptor.EclipseStarter.run(EclipseStarter.java:380)
org.eclipse.core.runtime.adaptor.EclipseStarter.run(EclipseStarter.java:235)
sun.reflect.NativeMethodAccessorImpl.invoke0(Native Method)
sun.reflect.NativeMethodAccessorImpl.invoke(Unknown Source)
sun.reflect.DelegatingMethodAccessorImpl.invoke(Unknown Source)
java.lang.reflect.Method.invoke(Unknown Source)
org.eclipse.equinox.launcher.Main.invokeFramework(Main.java:648)
org.eclipse.equinox.launcher.Main.basicRun(Main.java:603)
org.eclipse.equinox.launcher.Main.run(Main.java:1465)
]]]
Sep 11, 2015 12:32:58 PM org.eclipse.analytics.control.session.SessionManager persist
INFO: successfully pushed: http://camo.insight.rnd.ericsson.se/dispatcher/doc/create?object=EECSSession&UserId=ekirpal&ProductId=com.ericsson.eecs.single&ProductVersion=4.4.2&ProductName=EECS&Environment=eecs.mwp.win64&Workspace=C%3A%2FUsers%2Fekirpal%2Fworkspace_practice&HostName=192.168.56.1&JAVAVersion=1.8.0_60&JVMName=Java+HotSpot%28TM%29+64-Bit+Server+VM&JVMVersion=25.60-b23&JVMVendor=Oracle+Corporation&OSName=Windows+7&OSVersion=6.1&OSArchitecture=amd64&SessionStart=1441998049484&SessionEnd=1441999378234&SessionDuration=1328750
Sep 11, 2015 1:38:33 PM org.eclipse.analytics.control.session.SessionManager persist
INFO: successfully pushed: http://camo.insight.rnd.ericsson.se/dispatcher/doc/create?object=EECSSession&UserId=ekirpal&ProductId=com.ericsson.eecs.single&ProductVersion=4.4.2&ProductName=EECS&Environment=eecs.mwp.win64&Workspace=C%3A%2FUsers%2Fekirpal%2Fworkspace_practice&HostName=192.168.56.1&JAVAVersion=1.8.0_60&JVMName=Java+HotSpot%28TM%29+64-Bit+Server+VM&JVMVersion=25.60-b23&JVMVendor=Oracle+Corporation&OSName=Windows+7&OSVersion=6.1&OSArchitecture=amd64&SessionStart=1442002783215&SessionEnd=1442003311790&SessionDuration=528575
Sep 11, 2015 2:08:33 PM org.eclipse.analytics.control.session.SessionManager persist
INFO: successfully pushed: http://camo.insight.rnd.ericsson.se/dispatcher/doc/create?object=EECSSession&UserId=ekirpal&ProductId=com.ericsson.eecs.single&ProductVersion=4.4.2&ProductName=EECS&Environment=eecs.mwp.win64&Workspace=C%3A%2FUsers%2Fekirpal%2Fworkspace_practice&HostName=192.168.56.1&JAVAVersion=1.8.0_60&JVMName=Java+HotSpot%28TM%29+64-Bit+Server+VM&JVMVersion=25.60-b23&JVMVendor=Oracle+Corporation&OSName=Windows+7&OSVersion=6.1&OSArchitecture=amd64&SessionStart=1442004517234&SessionEnd=1442005111752&SessionDuration=594518
Sep 11, 2015 5:05:42 PM org.eclipse.analytics.control.session.SessionManager persist
INFO: successfully pushed: http://camo.insight.rnd.ericsson.se/dispatcher/doc/create?object=EECSSession&UserId=ekirpal&ProductId=com.ericsson.eecs.single&ProductVersion=4.4.2&ProductName=EECS&Environment=eecs.mwp.win64&Workspace=C%3A%2FUsers%2Fekirpal%2Fworkspace_practice&HostName=192.168.56.1&JAVAVersion=1.8.0_60&JVMName=Java+HotSpot%28TM%29+64-Bit+Server+VM&JVMVersion=25.60-b23&JVMVendor=Oracle+Corporation&OSName=Windows+7&OSVersion=6.1&OSArchitecture=amd64&SessionStart=1442007038115&SessionEnd=1442015740399&SessionDuration=8702284
Sep 11, 2015 6:27:07 PM org.eclipse.analytics.persistence.HTTPPublisher publishCommand
SEVERE: Exception occurred during session publishing to analytics database! 
java.net.UnknownHostException: camo.insight.rnd.ericsson.se
	at java.net.Inet6AddressImpl.lookupAllHostAddr(Native Method)
	at java.net.InetAddress$2.lookupAllHostAddr(Unknown Source)
	at java.net.InetAddress.getAddressesFromNameService(Unknown Source)
	at java.net.InetAddress.getAllByName0(Unknown Source)
	at java.net.InetAddress.getAllByName(Unknown Source)
	at java.net.InetAddress.getAllByName(Unknown Source)
	at org.apache.http.impl.conn.SystemDefaultDnsResolver.resolve(SystemDefaultDnsResolver.java:44)
	at org.apache.http.impl.conn.HttpClientConnectionOperator.connect(HttpClientConnectionOperator.java:102)
	at org.apache.http.impl.conn.PoolingHttpClientConnectionManager.connect(PoolingHttpClientConnectionManager.java:314)
	at org.apache.http.impl.execchain.MainClientExec.establishRoute(MainClientExec.java:357)
	at org.apache.http.impl.execchain.MainClientExec.execute(MainClientExec.java:218)
	at org.apache.http.impl.execchain.ProtocolExec.execute(ProtocolExec.java:194)
	at org.apache.http.impl.execchain.RetryExec.execute(RetryExec.java:85)
	at org.apache.http.impl.execchain.RedirectExec.execute(RedirectExec.java:108)
	at org.apache.http.impl.client.InternalHttpClient.doExecute(InternalHttpClient.java:186)
	at org.apache.http.impl.client.CloseableHttpClient.execute(CloseableHttpClient.java:82)
	at org.apache.http.impl.client.CloseableHttpClient.execute(CloseableHttpClient.java:106)
	at org.eclipse.analytics.persistence.HTTPPublisher.publishCommand(HTTPPublisher.java:122)
	at org.eclipse.analytics.control.freeze.FreezeManager.persist(FreezeManager.java:80)
	at org.eclipse.analytics.control.freeze.FreezeManager.handle(FreezeManager.java:102)
	at org.eclipse.analytics.control.freeze.FreezeDetector.notifyIFreezeListeners(FreezeDetector.java:115)
	at org.eclipse.analytics.control.freeze.FreezeDetector.run(FreezeDetector.java:62)

Sep 11, 2015 6:27:07 PM org.eclipse.analytics.control.freeze.FreezeManager persist
WARNING: failed to push: http://camo.insight.rnd.ericsson.se/dispatcher/doc/create?object=EECSFreeze&UserId=ekirpal&ProductId=com.ericsson.eecs.single&ProductVersion=4.4.2&ProductName=EECS&Environment=eecs.mwp.win64&Workspace=C%3A%2FUsers%2Fekirpal%2Fworkspace_practice&HostName=192.168.56.1&start=1442021222466&end=1442021227443&duration=4977&isBlock=false
Sep 11, 2015 6:27:07 PM org.eclipse.analytics.control.freeze.FreezeManager handle
INFO: Freeze detected...
Freeze [object=EECSFreeze, start=1442021222466, end=1442021227443, duration=4977, block=false, environment=CompositeID [UserID=ekirpal, productName=EECS, productId=com.ericsson.eecs.single, productVersion=4.4.2, environment=eecs.mwp.win64, workspace=C:/Users/ekirpal/workspace_practice, HostName=192.168.56.1], measures=[Measure [object=EECSMeasure, freezeId=1442021222466, userId=ekirpal, measurementTimestamp=1442021226023, freeMemory=205210320, totalMemory=353894400, usedCPU=-1.0, eclipseThreadTrace=org.eclipse.swt.internal.win32.OS.EndDeferWindowPos(Native Method)
org.eclipse.swt.widgets.Composite.resizeChildren(Composite.java:950)
org.eclipse.swt.widgets.Composite.resizeChildren(Composite.java:916)
org.eclipse.swt.widgets.Composite.setResizeChildren(Composite.java:1127)
org.eclipse.swt.widgets.Composite.WM_SIZE(Composite.java:1705)
org.eclipse.swt.widgets.Control.windowProc(Control.java:4685)
org.eclipse.swt.widgets.Display.windowProc(Display.java:5023)
org.eclipse.swt.internal.win32.OS.DefWindowProcW(Native Method)
org.eclipse.swt.internal.win32.OS.DefWindowProc(OS.java:2544)
org.eclipse.swt.widgets.Scrollable.callWindowProc(Scrollable.java:79)
org.eclipse.swt.widgets.Control.WM_WINDOWPOSCHANGED(Control.java:5492)
org.eclipse.swt.widgets.Control.windowProc(Control.java:4698)
org.eclipse.swt.widgets.Display.windowProc(Display.java:5036)
org.eclipse.swt.internal.win32.OS.EndDeferWindowPos(Native Method)
org.eclipse.swt.widgets.Composite.resizeChildren(Composite.java:950)
org.eclipse.swt.widgets.Composite.resizeChildren(Composite.java:916)
org.eclipse.swt.widgets.Composite.setResizeChildren(Composite.java:1127)
org.eclipse.swt.widgets.Composite.WM_SIZE(Composite.java:1705)
org.eclipse.swt.widgets.Canvas.WM_SIZE(Canvas.java:462)
org.eclipse.swt.widgets.Decorations.WM_SIZE(Decorations.java:1810)
org.eclipse.swt.widgets.Control.windowProc(Control.java:4685)
org.eclipse.swt.widgets.Canvas.windowProc(Canvas.java:339)
org.eclipse.swt.widgets.Decorations.windowProc(Decorations.java:1626)
org.eclipse.swt.widgets.Shell.windowProc(Shell.java:2075)
org.eclipse.swt.widgets.Display.windowProc(Display.java:5036)
org.eclipse.swt.internal.win32.OS.DefWindowProcW(Native Method)
org.eclipse.swt.internal.win32.OS.DefWindowProc(OS.java:2544)
org.eclipse.swt.widgets.Shell.callWindowProc(Shell.java:498)
org.eclipse.swt.widgets.Control.WM_WINDOWPOSCHANGED(Control.java:5492)
org.eclipse.swt.widgets.Canvas.WM_WINDOWPOSCHANGED(Canvas.java:468)
org.eclipse.swt.widgets.Control.windowProc(Control.java:4698)
org.eclipse.swt.widgets.Canvas.windowProc(Canvas.java:339)
org.eclipse.swt.widgets.Decorations.windowProc(Decorations.java:1626)
org.eclipse.swt.widgets.Shell.windowProc(Shell.java:2075)
org.eclipse.swt.widgets.Display.windowProc(Display.java:5036)
org.eclipse.swt.internal.win32.OS.PeekMessageW(Native Method)
org.eclipse.swt.internal.win32.OS.PeekMessage(OS.java:3141)
org.eclipse.swt.widgets.Display.readAndDispatch(Display.java:3756)
org.eclipse.e4.ui.internal.workbench.swt.PartRenderingEngine$9.run(PartRenderingEngine.java:1151)
org.eclipse.core.databinding.observable.Realm.runWithDefault(Realm.java:332)
org.eclipse.e4.ui.internal.workbench.swt.PartRenderingEngine.run(PartRenderingEngine.java:1032)
org.eclipse.e4.ui.internal.workbench.E4Workbench.createAndRunUI(E4Workbench.java:148)
org.eclipse.ui.internal.Workbench$5.run(Workbench.java:636)
org.eclipse.core.databinding.observable.Realm.runWithDefault(Realm.java:332)
org.eclipse.ui.internal.Workbench.createAndRunWorkbench(Workbench.java:579)
org.eclipse.ui.PlatformUI.createAndRunWorkbench(PlatformUI.java:150)
org.eclipse.ui.internal.ide.application.IDEApplication.start(IDEApplication.java:135)
org.eclipse.equinox.internal.app.EclipseAppHandle.run(EclipseAppHandle.java:196)
org.eclipse.core.runtime.internal.adaptor.EclipseAppLauncher.runApplication(EclipseAppLauncher.java:134)
org.eclipse.core.runtime.internal.adaptor.EclipseAppLauncher.start(EclipseAppLauncher.java:104)
org.eclipse.core.runtime.adaptor.EclipseStarter.run(EclipseStarter.java:380)
org.eclipse.core.runtime.adaptor.EclipseStarter.run(EclipseStarter.java:235)
sun.reflect.NativeMethodAccessorImpl.invoke0(Native Method)
sun.reflect.NativeMethodAccessorImpl.invoke(Unknown Source)
sun.reflect.DelegatingMethodAccessorImpl.invoke(Unknown Source)
java.lang.reflect.Method.invoke(Unknown Source)
org.eclipse.equinox.launcher.Main.invokeFramework(Main.java:648)
org.eclipse.equinox.launcher.Main.basicRun(Main.java:603)
org.eclipse.equinox.launcher.Main.run(Main.java:1465)
], Measure [object=EECSMeasure, freezeId=1442021222466, userId=ekirpal, measurementTimestamp=1442021226429, freeMemory=204917640, totalMemory=353894400, usedCPU=-1.0, eclipseThreadTrace=org.eclipse.swt.internal.win32.OS.SetWindowPos(Native Method)
org.eclipse.swt.widgets.Widget.SetWindowPos(Widget.java:1465)
org.eclipse.swt.widgets.Control.setBounds(Control.java:3143)
org.eclipse.swt.widgets.Composite.setBounds(Composite.java:1020)
org.eclipse.swt.widgets.Control.setBounds(Control.java:3104)
org.eclipse.swt.widgets.Control.setBounds(Control.java:3100)
org.eclipse.swt.widgets.Control.setBounds(Control.java:3167)
org.eclipse.e4.ui.workbench.renderers.swt.SashLayout.setRectangle(SashLayout.java:318)
org.eclipse.e4.ui.workbench.renderers.swt.SashLayout.tileSubNodes(SashLayout.java:263)
org.eclipse.e4.ui.workbench.renderers.swt.SashLayout.tileSubNodes(SashLayout.java:306)
org.eclipse.e4.ui.workbench.renderers.swt.SashLayout.tileSubNodes(SashLayout.java:306)
org.eclipse.e4.ui.workbench.renderers.swt.SashLayout.tileSubNodes(SashLayout.java:306)
org.eclipse.e4.ui.workbench.renderers.swt.SashLayout.layout(SashLayout.java:180)
org.eclipse.swt.widgets.Composite.updateLayout(Composite.java:1290)
org.eclipse.swt.widgets.Composite.sendResize(Composite.java:981)
org.eclipse.swt.widgets.Composite.setBounds(Composite.java:1026)
org.eclipse.swt.widgets.Control.setBounds(Control.java:3104)
org.eclipse.swt.widgets.Control.setBounds(Control.java:3100)
org.eclipse.swt.layout.FillLayout.layout(FillLayout.java:204)
org.eclipse.swt.widgets.Composite.updateLayout(Composite.java:1290)
org.eclipse.swt.widgets.Composite.WM_SIZE(Composite.java:1701)
org.eclipse.swt.widgets.Control.windowProc(Control.java:4685)
org.eclipse.swt.widgets.Display.windowProc(Display.java:5023)
org.eclipse.swt.internal.win32.OS.DefWindowProcW(Native Method)
org.eclipse.swt.internal.win32.OS.DefWindowProc(OS.java:2544)
org.eclipse.swt.widgets.Scrollable.callWindowProc(Scrollable.java:79)
org.eclipse.swt.widgets.Control.WM_WINDOWPOSCHANGED(Control.java:5492)
org.eclipse.swt.widgets.Control.windowProc(Control.java:4698)
org.eclipse.swt.widgets.Display.windowProc(Display.java:5036)
org.eclipse.swt.internal.win32.OS.SetWindowPos(Native Method)
org.eclipse.swt.widgets.Widget.SetWindowPos(Widget.java:1465)
org.eclipse.swt.widgets.Control.setBounds(Control.java:3143)
org.eclipse.swt.widgets.Composite.setBounds(Composite.java:1020)
org.eclipse.swt.widgets.Control.setBounds(Control.java:3104)
org.eclipse.swt.widgets.Control.setBounds(Control.java:3100)
org.eclipse.swt.widgets.Control.setBounds(Control.java:3167)
org.eclipse.swt.custom.StackLayout.layout(StackLayout.java:123)
org.eclipse.swt.widgets.Composite.updateLayout(Composite.java:1290)
org.eclipse.swt.widgets.Composite.WM_SIZE(Composite.java:1701)
org.eclipse.swt.widgets.Control.windowProc(Control.java:4685)
org.eclipse.swt.widgets.Display.windowProc(Display.java:5023)
org.eclipse.swt.internal.win32.OS.DefWindowProcW(Native Method)
org.eclipse.swt.internal.win32.OS.DefWindowProc(OS.java:2544)
org.eclipse.swt.widgets.Scrollable.callWindowProc(Scrollable.java:79)
org.eclipse.swt.widgets.Control.WM_WINDOWPOSCHANGED(Control.java:5492)
org.eclipse.swt.widgets.Control.windowProc(Control.java:4698)
org.eclipse.swt.widgets.Display.windowProc(Display.java:5036)
org.eclipse.swt.internal.win32.OS.SetWindowPos(Native Method)
org.eclipse.swt.widgets.Widget.SetWindowPos(Widget.java:1465)
org.eclipse.swt.widgets.Control.setBounds(Control.java:3143)
org.eclipse.swt.widgets.Composite.setBounds(Composite.java:1020)
org.eclipse.swt.widgets.Control.setBounds(Control.java:3104)
org.eclipse.swt.widgets.Control.setBounds(Control.java:3100)
org.eclipse.swt.widgets.Control.setBounds(Control.java:3167)
org.eclipse.e4.ui.workbench.renderers.swt.SashLayout.setRectangle(SashLayout.java:318)
org.eclipse.e4.ui.workbench.renderers.swt.SashLayout.tileSubNodes(SashLayout.java:263)
org.eclipse.e4.ui.workbench.renderers.swt.SashLayout.tileSubNodes(SashLayout.java:306)
org.eclipse.e4.ui.workbench.renderers.swt.SashLayout.layout(SashLayout.java:180)
org.eclipse.swt.widgets.Composite.updateLayout(Composite.java:1290)
org.eclipse.swt.widgets.Composite.WM_SIZE(Composite.java:1701)
org.eclipse.swt.widgets.Control.windowProc(Control.java:4685)
org.eclipse.swt.widgets.Display.windowProc(Display.java:5023)
org.eclipse.swt.internal.win32.OS.DefWindowProcW(Native Method)
org.eclipse.swt.internal.win32.OS.DefWindowProc(OS.java:2544)
org.eclipse.swt.widgets.Scrollable.callWindowProc(Scrollable.java:79)
org.eclipse.swt.widgets.Control.WM_WINDOWPOSCHANGED(Control.java:5492)
org.eclipse.swt.widgets.Control.windowProc(Control.java:4698)
org.eclipse.swt.widgets.Display.windowProc(Display.java:5036)
org.eclipse.swt.internal.win32.OS.SetWindowPos(Native Method)
org.eclipse.swt.widgets.Widget.SetWindowPos(Widget.java:1465)
org.eclipse.swt.widgets.Control.setBounds(Control.java:3143)
org.eclipse.swt.widgets.Composite.setBounds(Composite.java:1020)
org.eclipse.swt.widgets.Control.setBounds(Control.java:3104)
org.eclipse.swt.widgets.Control.setBounds(Control.java:3100)
org.eclipse.swt.layout.FillLayout.layout(FillLayout.java:204)
org.eclipse.swt.widgets.Composite.updateLayout(Composite.java:1290)
org.eclipse.swt.widgets.Composite.WM_SIZE(Composite.java:1701)
org.eclipse.swt.widgets.Control.windowProc(Control.java:4685)
org.eclipse.swt.widgets.Display.windowProc(Display.java:5023)
org.eclipse.swt.internal.win32.OS.DefWindowProcW(Native Method)
org.eclipse.swt.internal.win32.OS.DefWindowProc(OS.java:2544)
org.eclipse.swt.widgets.Scrollable.callWindowProc(Scrollable.java:79)
org.eclipse.swt.widgets.Control.WM_WINDOWPOSCHANGED(Control.java:5492)
org.eclipse.swt.widgets.Control.windowProc(Control.java:4698)
org.eclipse.swt.widgets.Display.windowProc(Display.java:5036)
org.eclipse.swt.internal.win32.OS.EndDeferWindowPos(Native Method)
org.eclipse.swt.widgets.Composite.resizeChildren(Composite.java:950)
org.eclipse.swt.widgets.Composite.resizeChildren(Composite.java:916)
org.eclipse.swt.widgets.Composite.setResizeChildren(Composite.java:1127)
org.eclipse.swt.widgets.Composite.WM_SIZE(Composite.java:1705)
org.eclipse.swt.widgets.Canvas.WM_SIZE(Canvas.java:462)
org.eclipse.swt.widgets.Decorations.WM_SIZE(Decorations.java:1810)
org.eclipse.swt.widgets.Control.windowProc(Control.java:4685)
org.eclipse.swt.widgets.Canvas.windowProc(Canvas.java:339)
org.eclipse.swt.widgets.Decorations.windowProc(Decorations.java:1626)
org.eclipse.swt.widgets.Shell.windowProc(Shell.java:2075)
org.eclipse.swt.widgets.Display.windowProc(Display.java:5036)
org.eclipse.swt.internal.win32.OS.DefWindowProcW(Native Method)
org.eclipse.swt.internal.win32.OS.DefWindowProc(OS.java:2544)
org.eclipse.swt.widgets.Shell.callWindowProc(Shell.java:498)
org.eclipse.swt.widgets.Control.WM_WINDOWPOSCHANGED(Control.java:5492)
org.eclipse.swt.widgets.Canvas.WM_WINDOWPOSCHANGED(Canvas.java:468)
org.eclipse.swt.widgets.Control.windowProc(Control.java:4698)
org.eclipse.swt.widgets.Canvas.windowProc(Canvas.java:339)
org.eclipse.swt.widgets.Decorations.windowProc(Decorations.java:1626)
org.eclipse.swt.widgets.Shell.windowProc(Shell.java:2075)
org.eclipse.swt.widgets.Displ], Measure [object=EECSMeasure, freezeId=1442021222466, userId=ekirpal, measurementTimestamp=1442021227037, freeMemory=204244216, totalMemory=353894400, usedCPU=-1.0, eclipseThreadTrace=org.eclipse.swt.internal.win32.OS.GetPropW(Native Method)
org.eclipse.swt.internal.win32.OS.GetProp(OS.java:2825)
org.eclipse.swt.widgets.Display.windowProc(Display.java:5027)
org.eclipse.swt.internal.win32.OS.SetWindowPos(Native Method)
org.eclipse.swt.widgets.Widget.SetWindowPos(Widget.java:1465)
org.eclipse.swt.widgets.Control.setBounds(Control.java:3143)
org.eclipse.swt.widgets.Composite.setBounds(Composite.java:1020)
org.eclipse.swt.widgets.Control.setBounds(Control.java:3104)
org.eclipse.swt.widgets.Control.setBounds(Control.java:3100)
org.eclipse.swt.layout.FillLayout.layout(FillLayout.java:204)
org.eclipse.swt.widgets.Composite.updateLayout(Composite.java:1290)
org.eclipse.swt.widgets.Composite.sendResize(Composite.java:981)
org.eclipse.swt.widgets.Composite.setBounds(Composite.java:1026)
org.eclipse.swt.widgets.Control.setBounds(Control.java:3104)
org.eclipse.swt.widgets.Control.setBounds(Control.java:3100)
org.eclipse.e4.ui.workbench.renderers.swt.ContributedPartRenderer$3.layout(ContributedPartRenderer.java:184)
org.eclipse.swt.widgets.Composite.updateLayout(Composite.java:1290)
org.eclipse.swt.widgets.Composite.sendResize(Composite.java:981)
org.eclipse.swt.widgets.Composite.setBounds(Composite.java:1026)
org.eclipse.swt.widgets.Control.setBounds(Control.java:3104)
org.eclipse.swt.widgets.Control.setBounds(Control.java:3100)
org.eclipse.swt.layout.FillLayout.layout(FillLayout.java:204)
org.eclipse.swt.widgets.Composite.updateLayout(Composite.java:1290)
org.eclipse.swt.widgets.Composite.sendResize(Composite.java:981)
org.eclipse.swt.widgets.Composite.setBounds(Composite.java:1026)
org.eclipse.swt.widgets.Control.setBounds(Control.java:3104)
org.eclipse.swt.widgets.Control.setBounds(Control.java:3100)
org.eclipse.swt.widgets.Control.setBounds(Control.java:3167)
org.eclipse.swt.custom.CTabFolderLayout.layout(CTabFolderLayout.java:116)
org.eclipse.swt.widgets.Composite.updateLayout(Composite.java:1290)
org.eclipse.swt.widgets.Composite.sendResize(Composite.java:981)
org.eclipse.swt.widgets.Composite.setBounds(Composite.java:1026)
org.eclipse.swt.widgets.Control.setBounds(Control.java:3104)
org.eclipse.swt.widgets.Control.setBounds(Control.java:3100)
org.eclipse.swt.widgets.Control.setBounds(Control.java:3167)
org.eclipse.e4.ui.workbench.renderers.swt.SashLayout.setRectangle(SashLayout.java:318)
org.eclipse.e4.ui.workbench.renderers.swt.SashLayout.tileSubNodes(SashLayout.java:263)
org.eclipse.e4.ui.workbench.renderers.swt.SashLayout.tileSubNodes(SashLayout.java:306)
org.eclipse.e4.ui.workbench.renderers.swt.SashLayout.tileSubNodes(SashLayout.java:306)
org.eclipse.e4.ui.workbench.renderers.swt.SashLayout.layout(SashLayout.java:180)
org.eclipse.swt.widgets.Composite.updateLayout(Composite.java:1290)
org.eclipse.swt.widgets.Composite.sendResize(Composite.java:981)
org.eclipse.swt.widgets.Composite.setBounds(Composite.java:1026)
org.eclipse.swt.widgets.Control.setBounds(Control.java:3104)
org.eclipse.swt.widgets.Control.setBounds(Control.java:3100)
org.eclipse.swt.layout.FillLayout.layout(FillLayout.java:204)
org.eclipse.swt.widgets.Composite.updateLayout(Composite.java:1290)
org.eclipse.swt.widgets.Composite.WM_SIZE(Composite.java:1701)
org.eclipse.swt.widgets.Control.windowProc(Control.java:4685)
org.eclipse.swt.widgets.Display.windowProc(Display.java:5023)
org.eclipse.swt.internal.win32.OS.DefWindowProcW(Native Method)
org.eclipse.swt.internal.win32.OS.DefWindowProc(OS.java:2544)
org.eclipse.swt.widgets.Scrollable.callWindowProc(Scrollable.java:79)
org.eclipse.swt.widgets.Control.WM_WINDOWPOSCHANGED(Control.java:5492)
org.eclipse.swt.widgets.Control.windowProc(Control.java:4698)
org.eclipse.swt.widgets.Display.windowProc(Display.java:5036)
org.eclipse.swt.internal.win32.OS.SetWindowPos(Native Method)
org.eclipse.swt.widgets.Widget.SetWindowPos(Widget.java:1465)
org.eclipse.swt.widgets.Control.setBounds(Control.java:3143)
org.eclipse.swt.widgets.Composite.setBounds(Composite.java:1020)
org.eclipse.swt.widgets.Control.setBounds(Control.java:3104)
org.eclipse.swt.widgets.Control.setBounds(Control.java:3100)
org.eclipse.swt.widgets.Control.setBounds(Control.java:3167)
org.eclipse.swt.custom.StackLayout.layout(StackLayout.java:123)
org.eclipse.swt.widgets.Composite.updateLayout(Composite.java:1290)
org.eclipse.swt.widgets.Composite.WM_SIZE(Composite.java:1701)
org.eclipse.swt.widgets.Control.windowProc(Control.java:4685)
org.eclipse.swt.widgets.Display.windowProc(Display.java:5023)
org.eclipse.swt.internal.win32.OS.DefWindowProcW(Native Method)
org.eclipse.swt.internal.win32.OS.DefWindowProc(OS.java:2544)
org.eclipse.swt.widgets.Scrollable.callWindowProc(Scrollable.java:79)
org.eclipse.swt.widgets.Control.WM_WINDOWPOSCHANGED(Control.java:5492)
org.eclipse.swt.widgets.Control.windowProc(Control.java:4698)
org.eclipse.swt.widgets.Display.windowProc(Display.java:5036)
org.eclipse.swt.internal.win32.OS.SetWindowPos(Native Method)
org.eclipse.swt.widgets.Widget.SetWindowPos(Widget.java:1465)
org.eclipse.swt.widgets.Control.setBounds(Control.java:3143)
org.eclipse.swt.widgets.Composite.setBounds(Composite.java:1020)
org.eclipse.swt.widgets.Control.setBounds(Control.java:3104)
org.eclipse.swt.widgets.Control.setBounds(Control.java:3100)
org.eclipse.swt.widgets.Control.setBounds(Control.java:3167)
org.eclipse.e4.ui.workbench.renderers.swt.SashLayout.setRectangle(SashLayout.java:318)
org.eclipse.e4.ui.workbench.renderers.swt.SashLayout.tileSubNodes(SashLayout.java:263)
org.eclipse.e4.ui.workbench.renderers.swt.SashLayout.tileSubNodes(SashLayout.java:306)
org.eclipse.e4.ui.workbench.renderers.swt.SashLayout.layout(SashLayout.java:180)
org.eclipse.swt.widgets.Composite.updateLayout(Composite.java:1290)
org.eclipse.swt.widgets.Composite.WM_SIZE(Composite.java:1701)
org.eclipse.swt.widgets.Control.windowProc(Control.java:4685)
org.eclipse.swt.widgets.Display.windowProc(Display.java:5023)
org.eclipse.swt.internal.win32.OS.DefWindowProcW(Native Method)
org.eclipse.swt.internal.win32.OS.DefWindowProc(OS.java:2544)
org.eclipse.swt.widgets.Scrollable.callWindowProc(Scrollable.java:79)
org.eclipse.swt.widgets.Control.WM_WINDOWPOSCHANGED(Control.java:5492)
org.eclipse.swt.widgets.Control.windowProc(Control.java:4698)
org.eclipse.swt.widgets.Display.windowProc(Display.java:5036)
org.eclipse.swt.internal.win32.OS.SetWindowPos(Native Method)
org.eclipse.swt.widgets.Widget.SetWindowPos(Widget.java:1465)
org.eclipse.swt.widgets.Control.setBounds(Control.java:3143)
org.eclipse.swt.widgets.Composite.setBounds(Composite.java:1020)
org.eclipse.swt.widgets.Control.setBounds(Control.java:3104)
org.eclipse.swt.widgets.Control.setBounds(Control.java:3100)
org.eclipse.swt.layout.FillLayout.layout(FillLayout.java:204)
org.eclipse.swt.widgets.Composite.updateLayout(Composite.java:1290)
org.eclipse.swt.widgets.Composite.WM_SIZE(Composite.java:1701)
org.eclipse.swt.widgets.Control.windowProc(Control.java:4685)
org.eclipse.swt.widgets.Display.windowProc(Display.java:5023)
org.eclipse.swt.internal.win32.OS], Measure [object=EECSMeasure, freezeId=1442021222466, userId=ekirpal, measurementTimestamp=1442021227443, freeMemory=202618728, totalMemory=353894400, usedCPU=-1.0, eclipseThreadTrace=org.eclipse.swt.internal.win32.OS.PeekMessageW(Native Method)
org.eclipse.swt.internal.win32.OS.PeekMessage(OS.java:3141)
org.eclipse.swt.widgets.Display.readAndDispatch(Display.java:3756)
org.eclipse.e4.ui.internal.workbench.swt.PartRenderingEngine$9.run(PartRenderingEngine.java:1151)
org.eclipse.core.databinding.observable.Realm.runWithDefault(Realm.java:332)
org.eclipse.e4.ui.internal.workbench.swt.PartRenderingEngine.run(PartRenderingEngine.java:1032)
org.eclipse.e4.ui.internal.workbench.E4Workbench.createAndRunUI(E4Workbench.java:148)
org.eclipse.ui.internal.Workbench$5.run(Workbench.java:636)
org.eclipse.core.databinding.observable.Realm.runWithDefault(Realm.java:332)
org.eclipse.ui.internal.Workbench.createAndRunWorkbench(Workbench.java:579)
org.eclipse.ui.PlatformUI.createAndRunWorkbench(PlatformUI.java:150)
org.eclipse.ui.internal.ide.application.IDEApplication.start(IDEApplication.java:135)
org.eclipse.equinox.internal.app.EclipseAppHandle.run(EclipseAppHandle.java:196)
org.eclipse.core.runtime.internal.adaptor.EclipseAppLauncher.runApplication(EclipseAppLauncher.java:134)
org.eclipse.core.runtime.internal.adaptor.EclipseAppLauncher.start(EclipseAppLauncher.java:104)
org.eclipse.core.runtime.adaptor.EclipseStarter.run(EclipseStarter.java:380)
org.eclipse.core.runtime.adaptor.EclipseStarter.run(EclipseStarter.java:235)
sun.reflect.NativeMethodAccessorImpl.invoke0(Native Method)
sun.reflect.NativeMethodAccessorImpl.invoke(Unknown Source)
sun.reflect.DelegatingMethodAccessorImpl.invoke(Unknown Source)
java.lang.reflect.Method.invoke(Unknown Source)
org.eclipse.equinox.launcher.Main.invokeFramework(Main.java:648)
org.eclipse.equinox.launcher.Main.basicRun(Main.java:603)
org.eclipse.equinox.launcher.Main.run(Main.java:1465)
]]]
Sep 13, 2015 12:53:11 AM org.eclipse.analytics.persistence.HTTPPublisher publishCommand
SEVERE: Exception occurred during session publishing to analytics database! 
java.net.UnknownHostException: camo.insight.rnd.ericsson.se
	at java.net.Inet6AddressImpl.lookupAllHostAddr(Native Method)
	at java.net.InetAddress$2.lookupAllHostAddr(Unknown Source)
	at java.net.InetAddress.getAddressesFromNameService(Unknown Source)
	at java.net.InetAddress.getAllByName0(Unknown Source)
	at java.net.InetAddress.getAllByName(Unknown Source)
	at java.net.InetAddress.getAllByName(Unknown Source)
	at org.apache.http.impl.conn.SystemDefaultDnsResolver.resolve(SystemDefaultDnsResolver.java:44)
	at org.apache.http.impl.conn.HttpClientConnectionOperator.connect(HttpClientConnectionOperator.java:102)
	at org.apache.http.impl.conn.PoolingHttpClientConnectionManager.connect(PoolingHttpClientConnectionManager.java:314)
	at org.apache.http.impl.execchain.MainClientExec.establishRoute(MainClientExec.java:357)
	at org.apache.http.impl.execchain.MainClientExec.execute(MainClientExec.java:218)
	at org.apache.http.impl.execchain.ProtocolExec.execute(ProtocolExec.java:194)
	at org.apache.http.impl.execchain.RetryExec.execute(RetryExec.java:85)
	at org.apache.http.impl.execchain.RedirectExec.execute(RedirectExec.java:108)
	at org.apache.http.impl.client.InternalHttpClient.doExecute(InternalHttpClient.java:186)
	at org.apache.http.impl.client.CloseableHttpClient.execute(CloseableHttpClient.java:82)
	at org.apache.http.impl.client.CloseableHttpClient.execute(CloseableHttpClient.java:106)
	at org.eclipse.analytics.persistence.HTTPPublisher.publishCommand(HTTPPublisher.java:122)
	at org.eclipse.analytics.control.session.SessionManager.persist(SessionManager.java:68)
	at org.eclipse.analytics.control.session.SessionManager.handle(SessionManager.java:84)
	at org.eclipse.analytics.control.session.SessionWatcher.notifyISessionListeners(SessionWatcher.java:100)
	at org.eclipse.analytics.control.session.SessionWatcher.endSession(SessionWatcher.java:77)
	at org.eclipse.analytics.control.session.SessionWatcher.run(SessionWatcher.java:56)

Sep 13, 2015 12:53:11 AM org.eclipse.analytics.control.session.SessionManager persist
WARNING: failed to push: http://camo.insight.rnd.ericsson.se/dispatcher/doc/create?object=EECSSession&UserId=ekirpal&ProductId=com.ericsson.eecs.single&ProductVersion=4.4.2&ProductName=EECS&Environment=eecs.mwp.win64&Workspace=C%3A%2FUsers%2Fekirpal%2Fworkspace_practice&HostName=192.168.56.1&JAVAVersion=1.8.0_60&JVMName=Java+HotSpot%28TM%29+64-Bit+Server+VM&JVMVersion=25.60-b23&JVMVendor=Oracle+Corporation&OSName=Windows+7&OSVersion=6.1&OSArchitecture=amd64&SessionStart=1442016930702&SessionEnd=1442021227053&SessionDuration=4296351
Sep 13, 2015 12:53:23 AM org.eclipse.analytics.persistence.HTTPPublisher publishCommand
SEVERE: Exception occurred during session publishing to analytics database! 
java.net.UnknownHostException: camo.insight.rnd.ericsson.se
	at java.net.Inet6AddressImpl.lookupAllHostAddr(Native Method)
	at java.net.InetAddress$2.lookupAllHostAddr(Unknown Source)
	at java.net.InetAddress.getAddressesFromNameService(Unknown Source)
	at java.net.InetAddress.getAllByName0(Unknown Source)
	at java.net.InetAddress.getAllByName(Unknown Source)
	at java.net.InetAddress.getAllByName(Unknown Source)
	at org.apache.http.impl.conn.SystemDefaultDnsResolver.resolve(SystemDefaultDnsResolver.java:44)
	at org.apache.http.impl.conn.HttpClientConnectionOperator.connect(HttpClientConnectionOperator.java:102)
	at org.apache.http.impl.conn.PoolingHttpClientConnectionManager.connect(PoolingHttpClientConnectionManager.java:314)
	at org.apache.http.impl.execchain.MainClientExec.establishRoute(MainClientExec.java:357)
	at org.apache.http.impl.execchain.MainClientExec.execute(MainClientExec.java:218)
	at org.apache.http.impl.execchain.ProtocolExec.execute(ProtocolExec.java:194)
	at org.apache.http.impl.execchain.RetryExec.execute(RetryExec.java:85)
	at org.apache.http.impl.execchain.RedirectExec.execute(RedirectExec.java:108)
	at org.apache.http.impl.client.InternalHttpClient.doExecute(InternalHttpClient.java:186)
	at org.apache.http.impl.client.CloseableHttpClient.execute(CloseableHttpClient.java:82)
	at org.apache.http.impl.client.CloseableHttpClient.execute(CloseableHttpClient.java:106)
	at org.eclipse.analytics.persistence.HTTPPublisher.publishCommand(HTTPPublisher.java:122)
	at org.eclipse.analytics.control.freeze.FreezeManager.persist(FreezeManager.java:80)
	at org.eclipse.analytics.control.freeze.FreezeManager.handle(FreezeManager.java:102)
	at org.eclipse.analytics.control.freeze.FreezeDetector.notifyIFreezeListeners(FreezeDetector.java:115)
	at org.eclipse.analytics.control.freeze.FreezeDetector.run(FreezeDetector.java:62)

Sep 13, 2015 12:53:23 AM org.eclipse.analytics.control.freeze.FreezeManager persist
WARNING: failed to push: http://camo.insight.rnd.ericsson.se/dispatcher/doc/create?object=EECSFreeze&UserId=ekirpal&ProductId=com.ericsson.eecs.single&ProductVersion=4.4.2&ProductName=EECS&Environment=eecs.mwp.win64&Workspace=C%3A%2FUsers%2Fekirpal%2Fworkspace_practice&HostName=192.168.56.1&start=1442130792233&end=1442130803294&duration=11061&isBlock=false
Sep 13, 2015 12:53:23 AM org.eclipse.analytics.control.freeze.FreezeManager handle
INFO: Freeze detected...
Freeze [object=EECSFreeze, start=1442130792233, end=1442130803294, duration=11061, block=false, environment=CompositeID [UserID=ekirpal, productName=EECS, productId=com.ericsson.eecs.single, productVersion=4.4.2, environment=eecs.mwp.win64, workspace=C:/Users/ekirpal/workspace_practice, HostName=192.168.56.1], measures=[Measure [object=EECSMeasure, freezeId=1442130792233, userId=ekirpal, measurementTimestamp=1442130796503, freeMemory=185212984, totalMemory=353894400, usedCPU=-1.0, eclipseThreadTrace=org.eclipse.swt.internal.win32.OS.SetTimer(Native Method)
org.eclipse.swt.widgets.Display.timerExec(Display.java:4798)
org.eclipse.swt.ole.win32.OleFrame$2.run(OleFrame.java:164)
org.eclipse.swt.widgets.Display.runTimer(Display.java:4273)
org.eclipse.swt.widgets.Display.messageProc(Display.java:3360)
org.eclipse.swt.internal.win32.OS.DispatchMessageW(Native Method)
org.eclipse.swt.internal.win32.OS.DispatchMessage(OS.java:2549)
org.eclipse.swt.widgets.Display.readAndDispatch(Display.java:3759)
org.eclipse.e4.ui.internal.workbench.swt.PartRenderingEngine$9.run(PartRenderingEngine.java:1151)
org.eclipse.core.databinding.observable.Realm.runWithDefault(Realm.java:332)
org.eclipse.e4.ui.internal.workbench.swt.PartRenderingEngine.run(PartRenderingEngine.java:1032)
org.eclipse.e4.ui.internal.workbench.E4Workbench.createAndRunUI(E4Workbench.java:148)
org.eclipse.ui.internal.Workbench$5.run(Workbench.java:636)
org.eclipse.core.databinding.observable.Realm.runWithDefault(Realm.java:332)
org.eclipse.ui.internal.Workbench.createAndRunWorkbench(Workbench.java:579)
org.eclipse.ui.PlatformUI.createAndRunWorkbench(PlatformUI.java:150)
org.eclipse.ui.internal.ide.application.IDEApplication.start(IDEApplication.java:135)
org.eclipse.equinox.internal.app.EclipseAppHandle.run(EclipseAppHandle.java:196)
org.eclipse.core.runtime.internal.adaptor.EclipseAppLauncher.runApplication(EclipseAppLauncher.java:134)
org.eclipse.core.runtime.internal.adaptor.EclipseAppLauncher.start(EclipseAppLauncher.java:104)
org.eclipse.core.runtime.adaptor.EclipseStarter.run(EclipseStarter.java:380)
org.eclipse.core.runtime.adaptor.EclipseStarter.run(EclipseStarter.java:235)
sun.reflect.NativeMethodAccessorImpl.invoke0(Native Method)
sun.reflect.NativeMethodAccessorImpl.invoke(Unknown Source)
sun.reflect.DelegatingMethodAccessorImpl.invoke(Unknown Source)
java.lang.reflect.Method.invoke(Unknown Source)
org.eclipse.equinox.launcher.Main.invokeFramework(Main.java:648)
org.eclipse.equinox.launcher.Main.basicRun(Main.java:603)
org.eclipse.equinox.launcher.Main.run(Main.java:1465)
], Measure [object=EECSMeasure, freezeId=1442130792233, userId=ekirpal, measurementTimestamp=1442130798734, freeMemory=184840352, totalMemory=353894400, usedCPU=-1.0, eclipseThreadTrace=org.eclipse.swt.internal.win32.OS.PeekMessageW(Native Method)
org.eclipse.swt.internal.win32.OS.PeekMessage(OS.java:3141)
org.eclipse.swt.widgets.Display.readAndDispatch(Display.java:3756)
org.eclipse.e4.ui.internal.workbench.swt.PartRenderingEngine$9.run(PartRenderingEngine.java:1151)
org.eclipse.core.databinding.observable.Realm.runWithDefault(Realm.java:332)
org.eclipse.e4.ui.internal.workbench.swt.PartRenderingEngine.run(PartRenderingEngine.java:1032)
org.eclipse.e4.ui.internal.workbench.E4Workbench.createAndRunUI(E4Workbench.java:148)
org.eclipse.ui.internal.Workbench$5.run(Workbench.java:636)
org.eclipse.core.databinding.observable.Realm.runWithDefault(Realm.java:332)
org.eclipse.ui.internal.Workbench.createAndRunWorkbench(Workbench.java:579)
org.eclipse.ui.PlatformUI.createAndRunWorkbench(PlatformUI.java:150)
org.eclipse.ui.internal.ide.application.IDEApplication.start(IDEApplication.java:135)
org.eclipse.equinox.internal.app.EclipseAppHandle.run(EclipseAppHandle.java:196)
org.eclipse.core.runtime.internal.adaptor.EclipseAppLauncher.runApplication(EclipseAppLauncher.java:134)
org.eclipse.core.runtime.internal.adaptor.EclipseAppLauncher.start(EclipseAppLauncher.java:104)
org.eclipse.core.runtime.adaptor.EclipseStarter.run(EclipseStarter.java:380)
org.eclipse.core.runtime.adaptor.EclipseStarter.run(EclipseStarter.java:235)
sun.reflect.NativeMethodAccessorImpl.invoke0(Native Method)
sun.reflect.NativeMethodAccessorImpl.invoke(Unknown Source)
sun.reflect.DelegatingMethodAccessorImpl.invoke(Unknown Source)
java.lang.reflect.Method.invoke(Unknown Source)
org.eclipse.equinox.launcher.Main.invokeFramework(Main.java:648)
org.eclipse.equinox.launcher.Main.basicRun(Main.java:603)
org.eclipse.equinox.launcher.Main.run(Main.java:1465)
], Measure [object=EECSMeasure, freezeId=1442130792233, userId=ekirpal, measurementTimestamp=1442130800985, freeMemory=184377488, totalMemory=353894400, usedCPU=-1.0, eclipseThreadTrace=org.eclipse.swt.internal.win32.OS.DefWindowProcW(Native Method)
org.eclipse.swt.internal.win32.OS.DefWindowProc(OS.java:2544)
org.eclipse.swt.widgets.Shell.callWindowProc(Shell.java:498)
org.eclipse.swt.widgets.Control.windowProc(Control.java:4705)
org.eclipse.swt.widgets.Canvas.windowProc(Canvas.java:339)
org.eclipse.swt.widgets.Decorations.windowProc(Decorations.java:1626)
org.eclipse.swt.widgets.Shell.windowProc(Shell.java:2075)
org.eclipse.swt.widgets.Display.windowProc(Display.java:5036)
org.eclipse.swt.internal.win32.OS.PeekMessageW(Native Method)
org.eclipse.swt.internal.win32.OS.PeekMessage(OS.java:3141)
org.eclipse.swt.widgets.Display.readAndDispatch(Display.java:3756)
org.eclipse.e4.ui.internal.workbench.swt.PartRenderingEngine$9.run(PartRenderingEngine.java:1151)
org.eclipse.core.databinding.observable.Realm.runWithDefault(Realm.java:332)
org.eclipse.e4.ui.internal.workbench.swt.PartRenderingEngine.run(PartRenderingEngine.java:1032)
org.eclipse.e4.ui.internal.workbench.E4Workbench.createAndRunUI(E4Workbench.java:148)
org.eclipse.ui.internal.Workbench$5.run(Workbench.java:636)
org.eclipse.core.databinding.observable.Realm.runWithDefault(Realm.java:332)
org.eclipse.ui.internal.Workbench.createAndRunWorkbench(Workbench.java:579)
org.eclipse.ui.PlatformUI.createAndRunWorkbench(PlatformUI.java:150)
org.eclipse.ui.internal.ide.application.IDEApplication.start(IDEApplication.java:135)
org.eclipse.equinox.internal.app.EclipseAppHandle.run(EclipseAppHandle.java:196)
org.eclipse.core.runtime.internal.adaptor.EclipseAppLauncher.runApplication(EclipseAppLauncher.java:134)
org.eclipse.core.runtime.internal.adaptor.EclipseAppLauncher.start(EclipseAppLauncher.java:104)
org.eclipse.core.runtime.adaptor.EclipseStarter.run(EclipseStarter.java:380)
org.eclipse.core.runtime.adaptor.EclipseStarter.run(EclipseStarter.java:235)
sun.reflect.NativeMethodAccessorImpl.invoke0(Native Method)
sun.reflect.NativeMethodAccessorImpl.invoke(Unknown Source)
sun.reflect.DelegatingMethodAccessorImpl.invoke(Unknown Source)
java.lang.reflect.Method.invoke(Unknown Source)
org.eclipse.equinox.launcher.Main.invokeFramework(Main.java:648)
org.eclipse.equinox.launcher.Main.basicRun(Main.java:603)
org.eclipse.equinox.launcher.Main.run(Main.java:1465)
], Measure [object=EECSMeasure, freezeId=1442130792233, userId=ekirpal, measurementTimestamp=1442130803294, freeMemory=181594296, totalMemory=353894400, usedCPU=-1.0, eclipseThreadTrace=org.eclipse.swt.internal.gdip.Gdip.Graphics_MeasureDriverString(Native Method)
org.eclipse.swt.graphics.GC.drawText(GC.java:2503)
org.eclipse.swt.graphics.GC.drawText(GC.java:2443)
org.eclipse.swt.graphics.GC.textExtent(GC.java:5014)
org.eclipse.swt.custom.CTabFolderRenderer.shortenText(CTabFolderRenderer.java:1768)
org.eclipse.swt.custom.CTabFolderRenderer.shortenText(CTabFolderRenderer.java:1763)
org.eclipse.swt.custom.CTabFolderRenderer.drawUnselected(CTabFolderRenderer.java:1674)
org.eclipse.swt.custom.CTabFolderRenderer.draw(CTabFolderRenderer.java:614)
org.eclipse.e4.ui.workbench.renderers.swt.CTabRendering.draw(CTabRendering.java:238)
org.eclipse.swt.custom.CTabFolder.onPaint(CTabFolder.java:1995)
org.eclipse.swt.custom.CTabFolder$1.handleEvent(CTabFolder.java:289)
org.eclipse.swt.widgets.EventTable.sendEvent(EventTable.java:84)
org.eclipse.swt.widgets.Display.sendEvent(Display.java:4353)
org.eclipse.swt.widgets.Widget.sendEvent(Widget.java:1061)
org.eclipse.swt.widgets.Widget.sendEvent(Widget.java:1085)
org.eclipse.swt.widgets.Widget.sendEvent(Widget.java:1070)
org.eclipse.swt.widgets.Composite.WM_PAINT(Composite.java:1491)
org.eclipse.swt.widgets.Control.windowProc(Control.java:4667)
org.eclipse.swt.widgets.Display.windowProc(Display.java:5036)
org.eclipse.swt.internal.win32.OS.DispatchMessageW(Native Method)
org.eclipse.swt.internal.win32.OS.DispatchMessage(OS.java:2549)
org.eclipse.swt.widgets.Display.readAndDispatch(Display.java:3759)
org.eclipse.e4.ui.internal.workbench.swt.PartRenderingEngine$9.run(PartRenderingEngine.java:1151)
org.eclipse.core.databinding.observable.Realm.runWithDefault(Realm.java:332)
org.eclipse.e4.ui.internal.workbench.swt.PartRenderingEngine.run(PartRenderingEngine.java:1032)
org.eclipse.e4.ui.internal.workbench.E4Workbench.createAndRunUI(E4Workbench.java:148)
org.eclipse.ui.internal.Workbench$5.run(Workbench.java:636)
org.eclipse.core.databinding.observable.Realm.runWithDefault(Realm.java:332)
org.eclipse.ui.internal.Workbench.createAndRunWorkbench(Workbench.java:579)
org.eclipse.ui.PlatformUI.createAndRunWorkbench(PlatformUI.java:150)
org.eclipse.ui.internal.ide.application.IDEApplication.start(IDEApplication.java:135)
org.eclipse.equinox.internal.app.EclipseAppHandle.run(EclipseAppHandle.java:196)
org.eclipse.core.runtime.internal.adaptor.EclipseAppLauncher.runApplication(EclipseAppLauncher.java:134)
org.eclipse.core.runtime.internal.adaptor.EclipseAppLauncher.start(EclipseAppLauncher.java:104)
org.eclipse.core.runtime.adaptor.EclipseStarter.run(EclipseStarter.java:380)
org.eclipse.core.runtime.adaptor.EclipseStarter.run(EclipseStarter.java:235)
sun.reflect.NativeMethodAccessorImpl.invoke0(Native Method)
sun.reflect.NativeMethodAccessorImpl.invoke(Unknown Source)
sun.reflect.DelegatingMethodAccessorImpl.invoke(Unknown Source)
java.lang.reflect.Method.invoke(Unknown Source)
org.eclipse.equinox.launcher.Main.invokeFramework(Main.java:648)
org.eclipse.equinox.launcher.Main.basicRun(Main.java:603)
org.eclipse.equinox.launcher.Main.run(Main.java:1465)
]]]
Sep 13, 2015 1:03:41 AM org.eclipse.analytics.control.session.SessionManager persist
INFO: successfully pushed: http://camo.insight.rnd.ericsson.se/dispatcher/doc/create?object=EECSSession&UserId=ekirpal&ProductId=com.ericsson.eecs.single&ProductVersion=4.4.2&ProductName=EECS&Environment=eecs.mwp.win64&Workspace=C%3A%2FUsers%2Fekirpal%2Fworkspace_practice&HostName=192.168.56.1&JAVAVersion=1.8.0_60&JVMName=Java+HotSpot%28TM%29+64-Bit+Server+VM&JVMVersion=25.60-b23&JVMVendor=Oracle+Corporation&OSName=Windows+7&OSVersion=6.1&OSArchitecture=amd64&SessionStart=1442130816536&SessionEnd=1442130820412&SessionDuration=3876
Sep 13, 2015 1:29:34 AM org.eclipse.analytics.control.freeze.FreezeDetector terminate
INFO: FreezeDetector thread terminated.
Sep 13, 2015 1:29:34 AM org.eclipse.analytics.control.freeze.FreezeManager stop
INFO: FreezeManager terminated.
Sep 13, 2015 1:29:34 AM org.eclipse.analytics.control.freeze.FreezeDetector run
WARNING: FreezeDetector thread interrupted: 
java.lang.InterruptedException: sleep interrupted
	at java.lang.Thread.sleep(Native Method)
	at org.eclipse.analytics.control.freeze.FreezeDetector.run(FreezeDetector.java:82)

Sep 13, 2015 1:29:34 AM org.eclipse.analytics.control.session.SessionManager stop
INFO: session end forced.
Sep 13, 2015 1:29:34 AM org.eclipse.analytics.control.session.SessionWatcher run
INFO: SessionWatcher thread interrupted
java.lang.InterruptedException: sleep interrupted
	at java.lang.Thread.sleep(Native Method)
	at org.eclipse.analytics.control.session.SessionWatcher.run(SessionWatcher.java:62)

Sep 13, 2015 1:29:38 AM org.eclipse.analytics.control.session.SessionManager persist
INFO: successfully pushed: http://camo.insight.rnd.ericsson.se/dispatcher/doc/create?object=EECSSession&UserId=ekirpal&ProductId=com.ericsson.eecs.single&ProductVersion=4.4.2&ProductName=EECS&Environment=eecs.mwp.win64&Workspace=C%3A%2FUsers%2Fekirpal%2Fworkspace_practice&HostName=192.168.56.1&JAVAVersion=1.8.0_60&JVMName=Java+HotSpot%28TM%29+64-Bit+Server+VM&JVMVersion=25.60-b23&JVMVendor=Oracle+Corporation&OSName=Windows+7&OSVersion=6.1&OSArchitecture=amd64&SessionStart=1442132159227&SessionEnd=1442132972809&SessionDuration=813582
Sep 13, 2015 1:29:38 AM org.eclipse.analytics.control.session.SessionWatcher terminate
INFO: SessionWatcher thread terminated.
Sep 13, 2015 1:29:38 AM org.eclipse.analytics.control.session.SessionManager stop
INFO: Session manager terminated.....
